======================================================================
[2019/07/07 00:17:05.787] Log Start
Renesas Flash Programmer V3.05.00 [1 July 2018]  (無償版)
プロジェクトをロードします。(C:\Users\HOSEIDenken\Desktop\halfmouse\mouse\newSKM2\Flash Programmer\newSKM2\newSKM2.rpj)
エラー(E0000016) : プログラムファイルが不正です。
操作は失敗しました。

======================================================================
[2019/07/07 00:19:30.720] Log Start
Renesas Flash Programmer V3.05.00 [1 July 2018]  (無償版)
プロジェクトをロードします。(C:\Users\HOSEIDenken\Desktop\halfmouse\mouse\newSKM2\Flash Programmer\newSKM2\newSKM2.rpj)
ファイルをロードします。(C:\Users\HOSEIDenken\Desktop\halfmouse\mouse\newSKM2\DefaultBuild\newSKM2.mot) CRC-32 : 6A21FAB7

接続デバイス : RX600 Series 

ツールに接続します。
使用ツール : COM (COM3), インタフェース : 2 wire UART
ターゲットデバイスに接続します。
メインクロック : 12.000000MHz
通信速度 : 57600bps
ターゲットデバイスを設定します。

選択されたブロックを消去します。
  [Code Flash 1] 0xFFF80000 - 0xFFFFFFFF     サイズ : 512 K

書き込みを実行します。
  [Code Flash 1] 0xFFF80000 - 0xFFF89EFF     サイズ : 39.8 K
  [Code Flash 1] 0xFFFFFF00 - 0xFFFFFFFF     サイズ : 256

ツールから切断します。
操作が成功しました。

======================================================================
[2019/07/07 09:08:58.699] Log Start
Renesas Flash Programmer V3.05.00 [1 July 2018]  (無償版)
プロジェクトをロードします。(C:\Users\HOSEIDenken\Desktop\halfmouse\mouse\newSKM2\Flash Programmer\newSKM2\newSKM2.rpj)
ファイルをロードします。(C:\Users\HOSEIDenken\Desktop\halfmouse\mouse\newSKM2\DefaultBuild\newSKM2.mot) CRC-32 : EFA8EC23

接続デバイス : RX600 Series 

ツールに接続します。
使用ツール : COM (COM3), インタフェース : 2 wire UART
ターゲットデバイスに接続します。
メインクロック : 12.000000MHz
通信速度 : 57600bps
ターゲットデバイスを設定します。

選択されたブロックを消去します。
  [Code Flash 1] 0xFFF80000 - 0xFFFFFFFF     サイズ : 512 K

書き込みを実行します。
  [Code Flash 1] 0xFFF80000 - 0xFFF89EFF     サイズ : 39.8 K
  [Code Flash 1] 0xFFFFFF00 - 0xFFFFFFFF     サイズ : 256

ツールから切断します。
操作が成功しました。

======================================================================
[2019/07/07 11:46:57.048] Log Start
Renesas Flash Programmer V3.05.00 [1 July 2018]  (無償版)
プロジェクトをロードします。(C:\Users\HOSEIDenken\Desktop\halfmouse\mouse\newSKM2\Flash Programmer\newSKM2\newSKM2.rpj)
ファイルをロードします。(C:\Users\HOSEIDenken\Desktop\halfmouse\mouse\newSKM2\DefaultBuild\newSKM2.mot) CRC-32 : 2CE34EC7

接続デバイス : RX600 Series 

ツールに接続します。
使用ツール : COM (COM3), インタフェース : 2 wire UART
ターゲットデバイスに接続します。
メインクロック : 12.000000MHz
通信速度 : 57600bps
ターゲットデバイスを設定します。

選択されたブロックを消去します。
  [Code Flash 1] 0xFFF80000 - 0xFFFFFFFF     サイズ : 512 K

書き込みを実行します。
  [Code Flash 1] 0xFFF80000 - 0xFFF89EFF     サイズ : 39.8 K
  [Code Flash 1] 0xFFFFFF00 - 0xFFFFFFFF     サイズ : 256

ツールから切断します。
操作が成功しました。

======================================================================
[2019/07/08 13:35:34.277] Log Start
Renesas Flash Programmer V3.05.00 [1 July 2018]  (無償版)
プロジェクトをロードします。(C:\Users\HOSEIDenken\Desktop\halfmouse\mouse\newSKM2\Flash Programmer\newSKM2\newSKM2.rpj)
ファイルをロードします。(C:\Users\HOSEIDenken\Desktop\halfmouse\mouse\newSKM2\DefaultBuild\newSKM2.mot) CRC-32 : A38923BF

接続デバイス : RX600 Series 

ツールに接続します。
使用ツール : COM (COM3), インタフェース : 2 wire UART
ターゲットデバイスに接続します。
メインクロック : 12.000000MHz
通信速度 : 57600bps
ターゲットデバイスを設定します。

選択されたブロックを消去します。
  [Code Flash 1] 0xFFF80000 - 0xFFFFFFFF     サイズ : 512 K

書き込みを実行します。
  [Code Flash 1] 0xFFF80000 - 0xFFF89EFF     サイズ : 39.8 K
  [Code Flash 1] 0xFFFFFF00 - 0xFFFFFFFF     サイズ : 256

ツールから切断します。
操作が成功しました。

======================================================================
[2019/07/08 13:38:02.695] Log Start
Renesas Flash Programmer V3.05.00 [1 July 2018]  (無償版)
プロジェクトをロードします。(C:\Users\HOSEIDenken\Desktop\halfmouse\mouse\newSKM2\Flash Programmer\newSKM2\newSKM2.rpj)
ファイルをロードします。(C:\Users\HOSEIDenken\Desktop\halfmouse\mouse\newSKM2\DefaultBuild\newSKM2.mot) CRC-32 : 6A77FAE1

接続デバイス : RX600 Series 

ツールに接続します。
使用ツール : COM (COM3), インタフェース : 2 wire UART
ターゲットデバイスに接続します。
メインクロック : 12.000000MHz
通信速度 : 57600bps
ターゲットデバイスを設定します。

選択されたブロックを消去します。
  [Code Flash 1] 0xFFF80000 - 0xFFFFFFFF     サイズ : 512 K

書き込みを実行します。
  [Code Flash 1] 0xFFF80000 - 0xFFF89EFF     サイズ : 39.8 K
  [Code Flash 1] 0xFFFFFF00 - 0xFFFFFFFF     サイズ : 256

ツールから切断します。
操作が成功しました。

======================================================================
[2019/07/08 13:48:31.724] Log Start
Renesas Flash Programmer V3.05.00 [1 July 2018]  (無償版)
プロジェクトをロードします。(C:\Users\HOSEIDenken\Desktop\halfmouse\mouse\newSKM2\Flash Programmer\newSKM2\newSKM2.rpj)
ファイルをロードします。(C:\Users\HOSEIDenken\Desktop\halfmouse\mouse\newSKM2\DefaultBuild\newSKM2.mot) CRC-32 : 2C9D5952

接続デバイス : RX600 Series 

ツールに接続します。
使用ツール : COM (COM3), インタフェース : 2 wire UART
ターゲットデバイスに接続します。
メインクロック : 12.000000MHz
通信速度 : 57600bps
ターゲットデバイスを設定します。

選択されたブロックを消去します。
  [Code Flash 1] 0xFFF80000 - 0xFFFFFFFF     サイズ : 512 K

書き込みを実行します。
  [Code Flash 1] 0xFFF80000 - 0xFFF89EFF     サイズ : 39.8 K
  [Code Flash 1] 0xFFFFFF00 - 0xFFFFFFFF     サイズ : 256

ツールから切断します。
操作が成功しました。

======================================================================
[2019/07/08 13:56:04.533] Log Start
Renesas Flash Programmer V3.05.00 [1 July 2018]  (無償版)
プロジェクトをロードします。(C:\Users\HOSEIDenken\Desktop\halfmouse\mouse\newSKM2\Flash Programmer\newSKM2\newSKM2.rpj)
ファイルをロードします。(C:\Users\HOSEIDenken\Desktop\halfmouse\mouse\newSKM2\DefaultBuild\newSKM2.mot) CRC-32 : A5C7C51A

接続デバイス : RX600 Series 

ツールに接続します。
使用ツール : COM (COM3), インタフェース : 2 wire UART
ターゲットデバイスに接続します。
メインクロック : 12.000000MHz
通信速度 : 57600bps
ターゲットデバイスを設定します。

選択されたブロックを消去します。
  [Code Flash 1] 0xFFF80000 - 0xFFFFFFFF     サイズ : 512 K

書き込みを実行します。
  [Code Flash 1] 0xFFF80000 - 0xFFF89EFF     サイズ : 39.8 K
  [Code Flash 1] 0xFFFFFF00 - 0xFFFFFFFF     サイズ : 256

ツールから切断します。
操作が成功しました。

======================================================================
[2019/07/08 14:22:35.085] Log Start
Renesas Flash Programmer V3.05.00 [1 July 2018]  (無償版)
プロジェクトをロードします。(C:\Users\HOSEIDenken\Desktop\halfmouse\mouse\newSKM2\Flash Programmer\newSKM2\newSKM2.rpj)
ファイルをロードします。(C:\Users\HOSEIDenken\Desktop\halfmouse\mouse\newSKM2\DefaultBuild\newSKM2.mot) CRC-32 : 9CA5719A

接続デバイス : RX600 Series 

ツールに接続します。
エラー(E3000203): ツールとの接続に失敗しました。
操作は失敗しました。

======================================================================
[2019/07/08 14:22:54.777] Log Start
Renesas Flash Programmer V3.05.00 [1 July 2018]  (無償版)
プロジェクトをロードします。(C:\Users\HOSEIDenken\Desktop\halfmouse\mouse\newSKM2\Flash Programmer\newSKM2\newSKM2.rpj)
ファイルをロードします。(C:\Users\HOSEIDenken\Desktop\halfmouse\mouse\newSKM2\DefaultBuild\newSKM2.mot) CRC-32 : 9CA5719A

接続デバイス : RX600 Series 

ツールに接続します。
使用ツール : COM (COM3), インタフェース : 2 wire UART
ターゲットデバイスに接続します。
メインクロック : 12.000000MHz
通信速度 : 57600bps
ターゲットデバイスを設定します。

選択されたブロックを消去します。
  [Code Flash 1] 0xFFF80000 - 0xFFFFFFFF     サイズ : 512 K

書き込みを実行します。
  [Code Flash 1] 0xFFF80000 - 0xFFF89EFF     サイズ : 39.8 K
  [Code Flash 1] 0xFFFFFF00 - 0xFFFFFFFF     サイズ : 256

ツールから切断します。
操作が成功しました。

======================================================================
[2019/07/08 14:26:01.172] Log Start
Renesas Flash Programmer V3.05.00 [1 July 2018]  (無償版)
プロジェクトをロードします。(C:\Users\HOSEIDenken\Desktop\halfmouse\mouse\newSKM2\Flash Programmer\newSKM2\newSKM2.rpj)
ファイルをロードします。(C:\Users\HOSEIDenken\Desktop\halfmouse\mouse\newSKM2\DefaultBuild\newSKM2.mot) CRC-32 : 632A01EA

接続デバイス : RX600 Series 

ツールに接続します。
使用ツール : COM (COM3), インタフェース : 2 wire UART
ターゲットデバイスに接続します。

ツールから切断します。
エラー(E3000105): デバイスから応答がありません。
操作は失敗しました。

======================================================================
[2019/07/08 14:26:09.811] Log Start
Renesas Flash Programmer V3.05.00 [1 July 2018]  (無償版)
プロジェクトをロードします。(C:\Users\HOSEIDenken\Desktop\halfmouse\mouse\newSKM2\Flash Programmer\newSKM2\newSKM2.rpj)
ファイルをロードします。(C:\Users\HOSEIDenken\Desktop\halfmouse\mouse\newSKM2\DefaultBuild\newSKM2.mot) CRC-32 : 632A01EA

接続デバイス : RX600 Series 

ツールに接続します。
使用ツール : COM (COM3), インタフェース : 2 wire UART
ターゲットデバイスに接続します。
メインクロック : 12.000000MHz
通信速度 : 57600bps
ターゲットデバイスを設定します。

選択されたブロックを消去します。
  [Code Flash 1] 0xFFF80000 - 0xFFFFFFFF     サイズ : 512 K

書き込みを実行します。
  [Code Flash 1] 0xFFF80000 - 0xFFF89EFF     サイズ : 39.8 K
  [Code Flash 1] 0xFFFFFF00 - 0xFFFFFFFF     サイズ : 256

ツールから切断します。
操作が成功しました。

======================================================================
[2019/07/08 14:28:47.150] Log Start
Renesas Flash Programmer V3.05.00 [1 July 2018]  (無償版)
プロジェクトをロードします。(C:\Users\HOSEIDenken\Desktop\halfmouse\mouse\newSKM2\Flash Programmer\newSKM2\newSKM2.rpj)
ファイルをロードします。(C:\Users\HOSEIDenken\Desktop\halfmouse\mouse\newSKM2\DefaultBuild\newSKM2.mot) CRC-32 : E746A072

接続デバイス : RX600 Series 

ツールに接続します。
使用ツール : COM (COM3), インタフェース : 2 wire UART
ターゲットデバイスに接続します。
メインクロック : 12.000000MHz
通信速度 : 57600bps
ターゲットデバイスを設定します。

選択されたブロックを消去します。
  [Code Flash 1] 0xFFF80000 - 0xFFFFFFFF     サイズ : 512 K

書き込みを実行します。
  [Code Flash 1] 0xFFF80000 - 0xFFF89EFF     サイズ : 39.8 K
  [Code Flash 1] 0xFFFFFF00 - 0xFFFFFFFF     サイズ : 256

ツールから切断します。
操作が成功しました。

======================================================================
[2019/07/08 14:30:35.451] Log Start
Renesas Flash Programmer V3.05.00 [1 July 2018]  (無償版)
プロジェクトをロードします。(C:\Users\HOSEIDenken\Desktop\halfmouse\mouse\newSKM2\Flash Programmer\newSKM2\newSKM2.rpj)
ファイルをロードします。(C:\Users\HOSEIDenken\Desktop\halfmouse\mouse\newSKM2\DefaultBuild\newSKM2.mot) CRC-32 : DAFDA6E5

接続デバイス : RX600 Series 

ツールに接続します。
使用ツール : COM (COM3), インタフェース : 2 wire UART
ターゲットデバイスに接続します。
メインクロック : 12.000000MHz
通信速度 : 57600bps
ターゲットデバイスを設定します。

選択されたブロックを消去します。
  [Code Flash 1] 0xFFF80000 - 0xFFFFFFFF     サイズ : 512 K

書き込みを実行します。
  [Code Flash 1] 0xFFF80000 - 0xFFF89EFF     サイズ : 39.8 K
  [Code Flash 1] 0xFFFFFF00 - 0xFFFFFFFF     サイズ : 256

ツールから切断します。
操作が成功しました。

======================================================================
[2019/07/08 14:32:22.670] Log Start
Renesas Flash Programmer V3.05.00 [1 July 2018]  (無償版)
プロジェクトをロードします。(C:\Users\HOSEIDenken\Desktop\halfmouse\mouse\newSKM2\Flash Programmer\newSKM2\newSKM2.rpj)
ファイルをロードします。(C:\Users\HOSEIDenken\Desktop\halfmouse\mouse\newSKM2\DefaultBuild\newSKM2.mot) CRC-32 : 1F445AAE

接続デバイス : RX600 Series 

ツールに接続します。
使用ツール : COM (COM3), インタフェース : 2 wire UART
ターゲットデバイスに接続します。
メインクロック : 12.000000MHz
通信速度 : 57600bps
ターゲットデバイスを設定します。

選択されたブロックを消去します。
  [Code Flash 1] 0xFFF80000 - 0xFFFFFFFF     サイズ : 512 K

書き込みを実行します。
  [Code Flash 1] 0xFFF80000 - 0xFFF89EFF     サイズ : 39.8 K
  [Code Flash 1] 0xFFFFFF00 - 0xFFFFFFFF     サイズ : 256

ツールから切断します。
操作が成功しました。

======================================================================
[2019/07/08 14:53:48.507] Log Start
Renesas Flash Programmer V3.05.00 [1 July 2018]  (無償版)
プロジェクトをロードします。(C:\Users\HOSEIDenken\Desktop\halfmouse\mouse\newSKM2\Flash Programmer\newSKM2\newSKM2.rpj)
ファイルをロードします。(C:\Users\HOSEIDenken\Desktop\halfmouse\mouse\newSKM2\DefaultBuild\newSKM2.mot) CRC-32 : 182C762E

接続デバイス : RX600 Series 

ツールに接続します。
使用ツール : COM (COM3), インタフェース : 2 wire UART
ターゲットデバイスに接続します。
メインクロック : 12.000000MHz
通信速度 : 57600bps
ターゲットデバイスを設定します。

選択されたブロックを消去します。
  [Code Flash 1] 0xFFF80000 - 0xFFFFFFFF     サイズ : 512 K

書き込みを実行します。
  [Code Flash 1] 0xFFF80000 - 0xFFF89EFF     サイズ : 39.8 K
  [Code Flash 1] 0xFFFFFF00 - 0xFFFFFFFF     サイズ : 256

ツールから切断します。
操作が成功しました。

======================================================================
[2019/07/08 14:58:51.385] Log Start
Renesas Flash Programmer V3.05.00 [1 July 2018]  (無償版)
プロジェクトをロードします。(C:\Users\HOSEIDenken\Desktop\halfmouse\mouse\newSKM2\Flash Programmer\newSKM2\newSKM2.rpj)
ファイルをロードします。(C:\Users\HOSEIDenken\Desktop\halfmouse\mouse\newSKM2\DefaultBuild\newSKM2.mot) CRC-32 : B147A9F2

接続デバイス : RX600 Series 

ツールに接続します。
使用ツール : COM (COM3), インタフェース : 2 wire UART
ターゲットデバイスに接続します。
メインクロック : 12.000000MHz
通信速度 : 57600bps
ターゲットデバイスを設定します。

選択されたブロックを消去します。
  [Code Flash 1] 0xFFF80000 - 0xFFFFFFFF     サイズ : 512 K

書き込みを実行します。
  [Code Flash 1] 0xFFF80000 - 0xFFF89EFF     サイズ : 39.8 K
  [Code Flash 1] 0xFFFFFF00 - 0xFFFFFFFF     サイズ : 256

ツールから切断します。
操作が成功しました。

======================================================================
[2019/07/08 15:01:12.194] Log Start
Renesas Flash Programmer V3.05.00 [1 July 2018]  (無償版)
プロジェクトをロードします。(C:\Users\HOSEIDenken\Desktop\halfmouse\mouse\newSKM2\Flash Programmer\newSKM2\newSKM2.rpj)
ファイルをロードします。(C:\Users\HOSEIDenken\Desktop\halfmouse\mouse\newSKM2\DefaultBuild\newSKM2.mot) CRC-32 : 2783E4D8

接続デバイス : RX600 Series 

ツールに接続します。
使用ツール : COM (COM3), インタフェース : 2 wire UART
ターゲットデバイスに接続します。

ツールから切断します。
エラー(E3000105): デバイスから応答がありません。
操作は失敗しました。

======================================================================
[2019/07/08 15:01:21.621] Log Start
Renesas Flash Programmer V3.05.00 [1 July 2018]  (無償版)
プロジェクトをロードします。(C:\Users\HOSEIDenken\Desktop\halfmouse\mouse\newSKM2\Flash Programmer\newSKM2\newSKM2.rpj)
ファイルをロードします。(C:\Users\HOSEIDenken\Desktop\halfmouse\mouse\newSKM2\DefaultBuild\newSKM2.mot) CRC-32 : 2783E4D8

接続デバイス : RX600 Series 

ツールに接続します。
使用ツール : COM (COM3), インタフェース : 2 wire UART
ターゲットデバイスに接続します。
メインクロック : 12.000000MHz
通信速度 : 57600bps
ターゲットデバイスを設定します。

選択されたブロックを消去します。
  [Code Flash 1] 0xFFF80000 - 0xFFFFFFFF     サイズ : 512 K

書き込みを実行します。
  [Code Flash 1] 0xFFF80000 - 0xFFF89EFF     サイズ : 39.8 K
Address : 0xFFF83E00

ツールから切断します。
エラー(E4000003): タイムアウトエラーが発生しました。
操作は失敗しました。

======================================================================
[2019/07/08 15:02:09.955] Log Start
Renesas Flash Programmer V3.05.00 [1 July 2018]  (無償版)
プロジェクトをロードします。(C:\Users\HOSEIDenken\Desktop\halfmouse\mouse\newSKM2\Flash Programmer\newSKM2\newSKM2.rpj)
ファイルをロードします。(C:\Users\HOSEIDenken\Desktop\halfmouse\mouse\newSKM2\DefaultBuild\newSKM2.mot) CRC-32 : 2783E4D8

接続デバイス : RX600 Series 

ツールに接続します。
使用ツール : COM (COM3), インタフェース : 2 wire UART
ターゲットデバイスに接続します。
メインクロック : 12.000000MHz
通信速度 : 57600bps
ターゲットデバイスを設定します。
[W0000009] : IDコードプロテクトが無効です。

選択されたブロックを消去します。
  [Code Flash 1] 0xFFF80000 - 0xFFFFFFFF     サイズ : 512 K

書き込みを実行します。
  [Code Flash 1] 0xFFF80000 - 0xFFF89EFF     サイズ : 39.8 K
  [Code Flash 1] 0xFFFFFF00 - 0xFFFFFFFF     サイズ : 256

ツールから切断します。
操作が成功しました。

======================================================================
[2019/07/08 15:04:38.700] Log Start
Renesas Flash Programmer V3.05.00 [1 July 2018]  (無償版)
プロジェクトをロードします。(C:\Users\HOSEIDenken\Desktop\halfmouse\mouse\newSKM2\Flash Programmer\newSKM2\newSKM2.rpj)
ファイルをロードします。(C:\Users\HOSEIDenken\Desktop\halfmouse\mouse\newSKM2\DefaultBuild\newSKM2.mot) CRC-32 : 7B84802E

接続デバイス : RX600 Series 

ツールに接続します。
使用ツール : COM (COM3), インタフェース : 2 wire UART
ターゲットデバイスに接続します。
メインクロック : 12.000000MHz
通信速度 : 57600bps
ターゲットデバイスを設定します。

選択されたブロックを消去します。
  [Code Flash 1] 0xFFF80000 - 0xFFFFFFFF     サイズ : 512 K

書き込みを実行します。
  [Code Flash 1] 0xFFF80000 - 0xFFF89EFF     サイズ : 39.8 K
  [Code Flash 1] 0xFFFFFF00 - 0xFFFFFFFF     サイズ : 256

ツールから切断します。
操作が成功しました。

======================================================================
[2019/07/08 15:06:35.500] Log Start
Renesas Flash Programmer V3.05.00 [1 July 2018]  (無償版)
プロジェクトをロードします。(C:\Users\HOSEIDenken\Desktop\halfmouse\mouse\newSKM2\Flash Programmer\newSKM2\newSKM2.rpj)
ファイルをロードします。(C:\Users\HOSEIDenken\Desktop\halfmouse\mouse\newSKM2\DefaultBuild\newSKM2.mot) CRC-32 : C72E5894

接続デバイス : RX600 Series 

ツールに接続します。
使用ツール : COM (COM3), インタフェース : 2 wire UART
ターゲットデバイスに接続します。

ツールから切断します。
エラー(E3000105): デバイスから応答がありません。
操作は失敗しました。

======================================================================
[2019/07/08 15:06:49.514] Log Start
Renesas Flash Programmer V3.05.00 [1 July 2018]  (無償版)
プロジェクトをロードします。(C:\Users\HOSEIDenken\Desktop\halfmouse\mouse\newSKM2\Flash Programmer\newSKM2\newSKM2.rpj)
ファイルをロードします。(C:\Users\HOSEIDenken\Desktop\halfmouse\mouse\newSKM2\DefaultBuild\newSKM2.mot) CRC-32 : C72E5894

接続デバイス : RX600 Series 

ツールに接続します。
使用ツール : COM (COM3), インタフェース : 2 wire UART
ターゲットデバイスに接続します。
メインクロック : 12.000000MHz
通信速度 : 57600bps
ターゲットデバイスを設定します。

選択されたブロックを消去します。
  [Code Flash 1] 0xFFF80000 - 0xFFFFFFFF     サイズ : 512 K

書き込みを実行します。
  [Code Flash 1] 0xFFF80000 - 0xFFF89EFF     サイズ : 39.8 K
  [Code Flash 1] 0xFFFFFF00 - 0xFFFFFFFF     サイズ : 256

ツールから切断します。
操作が成功しました。

======================================================================
[2019/07/08 15:11:57.987] Log Start
Renesas Flash Programmer V3.05.00 [1 July 2018]  (無償版)
プロジェクトをロードします。(C:\Users\HOSEIDenken\Desktop\halfmouse\mouse\newSKM2\Flash Programmer\newSKM2\newSKM2.rpj)
ファイルをロードします。(C:\Users\HOSEIDenken\Desktop\halfmouse\mouse\newSKM2\DefaultBuild\newSKM2.mot) CRC-32 : 0ABEF4E4

接続デバイス : RX600 Series 

ツールに接続します。
使用ツール : COM (COM3), インタフェース : 2 wire UART
ターゲットデバイスに接続します。
メインクロック : 12.000000MHz
通信速度 : 57600bps
ターゲットデバイスを設定します。

選択されたブロックを消去します。
  [Code Flash 1] 0xFFF80000 - 0xFFFFFFFF     サイズ : 512 K

書き込みを実行します。
  [Code Flash 1] 0xFFF80000 - 0xFFF89EFF     サイズ : 39.8 K
  [Code Flash 1] 0xFFFFFF00 - 0xFFFFFFFF     サイズ : 256

ツールから切断します。
操作が成功しました。

======================================================================
[2019/07/08 15:19:27.654] Log Start
Renesas Flash Programmer V3.05.00 [1 July 2018]  (無償版)
プロジェクトをロードします。(C:\Users\HOSEIDenken\Desktop\halfmouse\mouse\newSKM2\Flash Programmer\newSKM2\newSKM2.rpj)
ファイルをロードします。(C:\Users\HOSEIDenken\Desktop\halfmouse\mouse\newSKM2\DefaultBuild\newSKM2.mot) CRC-32 : C540478C

接続デバイス : RX600 Series 

ツールに接続します。
使用ツール : COM (COM3), インタフェース : 2 wire UART
ターゲットデバイスに接続します。
メインクロック : 12.000000MHz
通信速度 : 57600bps
ターゲットデバイスを設定します。

選択されたブロックを消去します。
  [Code Flash 1] 0xFFF80000 - 0xFFFFFFFF     サイズ : 512 K

書き込みを実行します。
  [Code Flash 1] 0xFFF80000 - 0xFFF89EFF     サイズ : 39.8 K
  [Code Flash 1] 0xFFFFFF00 - 0xFFFFFFFF     サイズ : 256

ツールから切断します。
操作が成功しました。

======================================================================
[2019/07/08 15:22:48.954] Log Start
Renesas Flash Programmer V3.05.00 [1 July 2018]  (無償版)
プロジェクトをロードします。(C:\Users\HOSEIDenken\Desktop\halfmouse\mouse\newSKM2\Flash Programmer\newSKM2\newSKM2.rpj)
ファイルをロードします。(C:\Users\HOSEIDenken\Desktop\halfmouse\mouse\newSKM2\DefaultBuild\newSKM2.mot) CRC-32 : 4DA7A7C3

接続デバイス : RX600 Series 

ツールに接続します。
使用ツール : COM (COM3), インタフェース : 2 wire UART
ターゲットデバイスに接続します。
メインクロック : 12.000000MHz
通信速度 : 57600bps
ターゲットデバイスを設定します。

選択されたブロックを消去します。
  [Code Flash 1] 0xFFF80000 - 0xFFFFFFFF     サイズ : 512 K

書き込みを実行します。
  [Code Flash 1] 0xFFF80000 - 0xFFF89EFF     サイズ : 39.8 K
  [Code Flash 1] 0xFFFFFF00 - 0xFFFFFFFF     サイズ : 256

ツールから切断します。
操作が成功しました。

======================================================================
[2019/07/08 16:09:08.833] Log Start
Renesas Flash Programmer V3.05.00 [1 July 2018]  (無償版)
プロジェクトをロードします。(C:\Users\HOSEIDenken\Desktop\halfmouse\mouse\newSKM2\Flash Programmer\newSKM2\newSKM2.rpj)
ファイルをロードします。(C:\Users\HOSEIDenken\Desktop\halfmouse\mouse\newSKM2\DefaultBuild\newSKM2.mot) CRC-32 : 36D9A112

接続デバイス : RX600 Series 

ツールに接続します。
使用ツール : COM (COM3), インタフェース : 2 wire UART
ターゲットデバイスに接続します。
メインクロック : 12.000000MHz
通信速度 : 57600bps
ターゲットデバイスを設定します。

選択されたブロックを消去します。
  [Code Flash 1] 0xFFF80000 - 0xFFFFFFFF     サイズ : 512 K

書き込みを実行します。
  [Code Flash 1] 0xFFF80000 - 0xFFF89EFF     サイズ : 39.8 K
  [Code Flash 1] 0xFFFFFF00 - 0xFFFFFFFF     サイズ : 256

ツールから切断します。
操作が成功しました。

======================================================================
[2019/07/08 16:16:18.333] Log Start
Renesas Flash Programmer V3.05.00 [1 July 2018]  (無償版)
プロジェクトをロードします。(C:\Users\HOSEIDenken\Desktop\halfmouse\mouse\newSKM2\Flash Programmer\newSKM2\newSKM2.rpj)
ファイルをロードします。(C:\Users\HOSEIDenken\Desktop\halfmouse\mouse\newSKM2\DefaultBuild\newSKM2.mot) CRC-32 : 1F8375FE

接続デバイス : RX600 Series 

ツールに接続します。
使用ツール : COM (COM3), インタフェース : 2 wire UART
ターゲットデバイスに接続します。
メインクロック : 12.000000MHz
通信速度 : 57600bps
ターゲットデバイスを設定します。

選択されたブロックを消去します。
  [Code Flash 1] 0xFFF80000 - 0xFFFFFFFF     サイズ : 512 K

書き込みを実行します。
  [Code Flash 1] 0xFFF80000 - 0xFFF89EFF     サイズ : 39.8 K
  [Code Flash 1] 0xFFFFFF00 - 0xFFFFFFFF     サイズ : 256

ツールから切断します。
操作が成功しました。

======================================================================
[2019/07/08 16:19:23.816] Log Start
Renesas Flash Programmer V3.05.00 [1 July 2018]  (無償版)
プロジェクトをロードします。(C:\Users\HOSEIDenken\Desktop\halfmouse\mouse\newSKM2\Flash Programmer\newSKM2\newSKM2.rpj)
ファイルをロードします。(C:\Users\HOSEIDenken\Desktop\halfmouse\mouse\newSKM2\DefaultBuild\newSKM2.mot) CRC-32 : D9E6639D

接続デバイス : RX600 Series 

ツールに接続します。
使用ツール : COM (COM3), インタフェース : 2 wire UART
ターゲットデバイスに接続します。
メインクロック : 12.000000MHz
通信速度 : 57600bps
ターゲットデバイスを設定します。

選択されたブロックを消去します。
  [Code Flash 1] 0xFFF80000 - 0xFFFFFFFF     サイズ : 512 K

書き込みを実行します。
  [Code Flash 1] 0xFFF80000 - 0xFFF89EFF     サイズ : 39.8 K
  [Code Flash 1] 0xFFFFFF00 - 0xFFFFFFFF     サイズ : 256

ツールから切断します。
操作が成功しました。

======================================================================
[2019/07/08 16:20:58.951] Log Start
Renesas Flash Programmer V3.05.00 [1 July 2018]  (無償版)
プロジェクトをロードします。(C:\Users\HOSEIDenken\Desktop\halfmouse\mouse\newSKM2\Flash Programmer\newSKM2\newSKM2.rpj)
ファイルをロードします。(C:\Users\HOSEIDenken\Desktop\halfmouse\mouse\newSKM2\DefaultBuild\newSKM2.mot) CRC-32 : 315B432C

接続デバイス : RX600 Series 

ツールに接続します。
使用ツール : COM (COM3), インタフェース : 2 wire UART
ターゲットデバイスに接続します。
メインクロック : 12.000000MHz
通信速度 : 57600bps
ターゲットデバイスを設定します。

選択されたブロックを消去します。
  [Code Flash 1] 0xFFF80000 - 0xFFFFFFFF     サイズ : 512 K

書き込みを実行します。
  [Code Flash 1] 0xFFF80000 - 0xFFF89EFF     サイズ : 39.8 K
  [Code Flash 1] 0xFFFFFF00 - 0xFFFFFFFF     サイズ : 256

ツールから切断します。
操作が成功しました。

======================================================================
[2019/07/08 17:41:53.475] Log Start
Renesas Flash Programmer V3.05.00 [1 July 2018]  (無償版)
プロジェクトをロードします。(C:\Users\HOSEIDenken\Desktop\halfmouse\mouse\newSKM2\Flash Programmer\newSKM2\newSKM2.rpj)
ファイルをロードします。(C:\Users\HOSEIDenken\Desktop\halfmouse\mouse\newSKM2\DefaultBuild\newSKM2.mot) CRC-32 : C94A35D1

接続デバイス : RX600 Series 

ツールに接続します。
使用ツール : COM (COM3), インタフェース : 2 wire UART
ターゲットデバイスに接続します。
メインクロック : 12.000000MHz
通信速度 : 57600bps
ターゲットデバイスを設定します。

選択されたブロックを消去します。
  [Code Flash 1] 0xFFF80000 - 0xFFFFFFFF     サイズ : 512 K

書き込みを実行します。
  [Code Flash 1] 0xFFF80000 - 0xFFF89EFF     サイズ : 39.8 K
  [Code Flash 1] 0xFFFFFF00 - 0xFFFFFFFF     サイズ : 256

ツールから切断します。
操作が成功しました。

======================================================================
[2019/07/08 17:44:12.282] Log Start
Renesas Flash Programmer V3.05.00 [1 July 2018]  (無償版)
プロジェクトをロードします。(C:\Users\HOSEIDenken\Desktop\halfmouse\mouse\newSKM2\Flash Programmer\newSKM2\newSKM2.rpj)
ファイルをロードします。(C:\Users\HOSEIDenken\Desktop\halfmouse\mouse\newSKM2\DefaultBuild\newSKM2.mot) CRC-32 : D11A7CD1

接続デバイス : RX600 Series 

ツールに接続します。
使用ツール : COM (COM3), インタフェース : 2 wire UART
ターゲットデバイスに接続します。
メインクロック : 12.000000MHz
通信速度 : 57600bps
ターゲットデバイスを設定します。

選択されたブロックを消去します。
  [Code Flash 1] 0xFFF80000 - 0xFFFFFFFF     サイズ : 512 K

書き込みを実行します。
  [Code Flash 1] 0xFFF80000 - 0xFFF89EFF     サイズ : 39.8 K
  [Code Flash 1] 0xFFFFFF00 - 0xFFFFFFFF     サイズ : 256

ツールから切断します。
操作が成功しました。

======================================================================
[2019/07/08 17:54:23.525] Log Start
Renesas Flash Programmer V3.05.00 [1 July 2018]  (無償版)
プロジェクトをロードします。(C:\Users\HOSEIDenken\Desktop\halfmouse\mouse\newSKM2\Flash Programmer\newSKM2\newSKM2.rpj)
ファイルをロードします。(C:\Users\HOSEIDenken\Desktop\halfmouse\mouse\newSKM2\DefaultBuild\newSKM2.mot) CRC-32 : 4B0439D4

接続デバイス : RX600 Series 

ツールに接続します。
使用ツール : COM (COM3), インタフェース : 2 wire UART
ターゲットデバイスに接続します。
メインクロック : 12.000000MHz
通信速度 : 57600bps
ターゲットデバイスを設定します。

選択されたブロックを消去します。
  [Code Flash 1] 0xFFF80000 - 0xFFFFFFFF     サイズ : 512 K

書き込みを実行します。
  [Code Flash 1] 0xFFF80000 - 0xFFF89EFF     サイズ : 39.8 K
  [Code Flash 1] 0xFFFFFF00 - 0xFFFFFFFF     サイズ : 256

ツールから切断します。
操作が成功しました。

======================================================================
[2019/07/08 18:00:19.517] Log Start
Renesas Flash Programmer V3.05.00 [1 July 2018]  (無償版)
プロジェクトをロードします。(C:\Users\HOSEIDenken\Desktop\halfmouse\mouse\newSKM2\Flash Programmer\newSKM2\newSKM2.rpj)
ファイルをロードします。(C:\Users\HOSEIDenken\Desktop\halfmouse\mouse\newSKM2\DefaultBuild\newSKM2.mot) CRC-32 : A24FD464

接続デバイス : RX600 Series 

ツールに接続します。
使用ツール : COM (COM3), インタフェース : 2 wire UART
ターゲットデバイスに接続します。
メインクロック : 12.000000MHz
通信速度 : 57600bps
ターゲットデバイスを設定します。

選択されたブロックを消去します。
  [Code Flash 1] 0xFFF80000 - 0xFFFFFFFF     サイズ : 512 K

書き込みを実行します。
  [Code Flash 1] 0xFFF80000 - 0xFFF89EFF     サイズ : 39.8 K
  [Code Flash 1] 0xFFFFFF00 - 0xFFFFFFFF     サイズ : 256

ツールから切断します。
操作が成功しました。

======================================================================
[2019/07/08 18:08:16.119] Log Start
Renesas Flash Programmer V3.05.00 [1 July 2018]  (無償版)
プロジェクトをロードします。(C:\Users\HOSEIDenken\Desktop\halfmouse\mouse\newSKM2\Flash Programmer\newSKM2\newSKM2.rpj)
ファイルをロードします。(C:\Users\HOSEIDenken\Desktop\halfmouse\mouse\newSKM2\DefaultBuild\newSKM2.mot) CRC-32 : BDF1A692

接続デバイス : RX600 Series 

ツールに接続します。
使用ツール : COM (COM3), インタフェース : 2 wire UART
ターゲットデバイスに接続します。
メインクロック : 12.000000MHz
通信速度 : 57600bps
ターゲットデバイスを設定します。

選択されたブロックを消去します。
  [Code Flash 1] 0xFFF80000 - 0xFFFFFFFF     サイズ : 512 K

書き込みを実行します。
  [Code Flash 1] 0xFFF80000 - 0xFFF89EFF     サイズ : 39.8 K
  [Code Flash 1] 0xFFFFFF00 - 0xFFFFFFFF     サイズ : 256

ツールから切断します。
操作が成功しました。

======================================================================
[2019/07/08 18:10:09.399] Log Start
Renesas Flash Programmer V3.05.00 [1 July 2018]  (無償版)
プロジェクトをロードします。(C:\Users\HOSEIDenken\Desktop\halfmouse\mouse\newSKM2\Flash Programmer\newSKM2\newSKM2.rpj)
ファイルをロードします。(C:\Users\HOSEIDenken\Desktop\halfmouse\mouse\newSKM2\DefaultBuild\newSKM2.mot) CRC-32 : 4AD4340B

接続デバイス : RX600 Series 

ツールに接続します。
使用ツール : COM (COM3), インタフェース : 2 wire UART
ターゲットデバイスに接続します。
メインクロック : 12.000000MHz
通信速度 : 57600bps
ターゲットデバイスを設定します。

選択されたブロックを消去します。
  [Code Flash 1] 0xFFF80000 - 0xFFFFFFFF     サイズ : 512 K

書き込みを実行します。
  [Code Flash 1] 0xFFF80000 - 0xFFF89EFF     サイズ : 39.8 K
  [Code Flash 1] 0xFFFFFF00 - 0xFFFFFFFF     サイズ : 256

ツールから切断します。
操作が成功しました。

======================================================================
[2019/07/08 18:11:49.353] Log Start
Renesas Flash Programmer V3.05.00 [1 July 2018]  (無償版)
プロジェクトをロードします。(C:\Users\HOSEIDenken\Desktop\halfmouse\mouse\newSKM2\Flash Programmer\newSKM2\newSKM2.rpj)
ファイルをロードします。(C:\Users\HOSEIDenken\Desktop\halfmouse\mouse\newSKM2\DefaultBuild\newSKM2.mot) CRC-32 : FCBE52DC

接続デバイス : RX600 Series 

ツールに接続します。
使用ツール : COM (COM3), インタフェース : 2 wire UART
ターゲットデバイスに接続します。
メインクロック : 12.000000MHz
通信速度 : 57600bps
ターゲットデバイスを設定します。

選択されたブロックを消去します。
  [Code Flash 1] 0xFFF80000 - 0xFFFFFFFF     サイズ : 512 K

書き込みを実行します。
  [Code Flash 1] 0xFFF80000 - 0xFFF89EFF     サイズ : 39.8 K
  [Code Flash 1] 0xFFFFFF00 - 0xFFFFFFFF     サイズ : 256

ツールから切断します。
操作が成功しました。

======================================================================
[2019/07/08 18:14:28.251] Log Start
Renesas Flash Programmer V3.05.00 [1 July 2018]  (無償版)
プロジェクトをロードします。(C:\Users\HOSEIDenken\Desktop\halfmouse\mouse\newSKM2\Flash Programmer\newSKM2\newSKM2.rpj)
ファイルをロードします。(C:\Users\HOSEIDenken\Desktop\halfmouse\mouse\newSKM2\DefaultBuild\newSKM2.mot) CRC-32 : FC594388

接続デバイス : RX600 Series 

ツールに接続します。
エラー(E3000203): ツールとの接続に失敗しました。
操作は失敗しました。

======================================================================
[2019/07/08 18:14:49.271] Log Start
Renesas Flash Programmer V3.05.00 [1 July 2018]  (無償版)
プロジェクトをロードします。(C:\Users\HOSEIDenken\Desktop\halfmouse\mouse\newSKM2\Flash Programmer\newSKM2\newSKM2.rpj)
ファイルをロードします。(C:\Users\HOSEIDenken\Desktop\halfmouse\mouse\newSKM2\DefaultBuild\newSKM2.mot) CRC-32 : FC594388

接続デバイス : RX600 Series 

ツールに接続します。
エラー(E3000203): ツールとの接続に失敗しました。
操作は失敗しました。

======================================================================
[2019/07/08 18:15:25.138] Log Start
Renesas Flash Programmer V3.05.00 [1 July 2018]  (無償版)
プロジェクトをロードします。(C:\Users\HOSEIDenken\Desktop\halfmouse\mouse\newSKM2\Flash Programmer\newSKM2\newSKM2.rpj)
ファイルをロードします。(C:\Users\HOSEIDenken\Desktop\halfmouse\mouse\newSKM2\DefaultBuild\newSKM2.mot) CRC-32 : FC594388

接続デバイス : RX600 Series 

ツールに接続します。
使用ツール : COM (COM3), インタフェース : 2 wire UART
ターゲットデバイスに接続します。
メインクロック : 12.000000MHz
通信速度 : 57600bps
ターゲットデバイスを設定します。

選択されたブロックを消去します。
  [Code Flash 1] 0xFFF80000 - 0xFFFFFFFF     サイズ : 512 K

書き込みを実行します。
  [Code Flash 1] 0xFFF80000 - 0xFFF89EFF     サイズ : 39.8 K
  [Code Flash 1] 0xFFFFFF00 - 0xFFFFFFFF     サイズ : 256

ツールから切断します。
操作が成功しました。

======================================================================
[2019/07/08 18:17:41.819] Log Start
Renesas Flash Programmer V3.05.00 [1 July 2018]  (無償版)
プロジェクトをロードします。(C:\Users\HOSEIDenken\Desktop\halfmouse\mouse\newSKM2\Flash Programmer\newSKM2\newSKM2.rpj)
ファイルをロードします。(C:\Users\HOSEIDenken\Desktop\halfmouse\mouse\newSKM2\DefaultBuild\newSKM2.mot) CRC-32 : 59BE8F7D

接続デバイス : RX600 Series 

ツールに接続します。
使用ツール : COM (COM3), インタフェース : 2 wire UART
ターゲットデバイスに接続します。
メインクロック : 12.000000MHz
通信速度 : 57600bps
ターゲットデバイスを設定します。

選択されたブロックを消去します。
  [Code Flash 1] 0xFFF80000 - 0xFFFFFFFF     サイズ : 512 K

書き込みを実行します。
  [Code Flash 1] 0xFFF80000 - 0xFFF89EFF     サイズ : 39.8 K
  [Code Flash 1] 0xFFFFFF00 - 0xFFFFFFFF     サイズ : 256

ツールから切断します。
操作が成功しました。

======================================================================
[2019/07/08 18:21:11.826] Log Start
Renesas Flash Programmer V3.05.00 [1 July 2018]  (無償版)
プロジェクトをロードします。(C:\Users\HOSEIDenken\Desktop\halfmouse\mouse\newSKM2\Flash Programmer\newSKM2\newSKM2.rpj)
ファイルをロードします。(C:\Users\HOSEIDenken\Desktop\halfmouse\mouse\newSKM2\DefaultBuild\newSKM2.mot) CRC-32 : 8B7BB1FE

接続デバイス : RX600 Series 

ツールに接続します。
使用ツール : COM (COM3), インタフェース : 2 wire UART
ターゲットデバイスに接続します。
メインクロック : 12.000000MHz
通信速度 : 57600bps
ターゲットデバイスを設定します。

選択されたブロックを消去します。
  [Code Flash 1] 0xFFF80000 - 0xFFFFFFFF     サイズ : 512 K

書き込みを実行します。
  [Code Flash 1] 0xFFF80000 - 0xFFF89EFF     サイズ : 39.8 K
  [Code Flash 1] 0xFFFFFF00 - 0xFFFFFFFF     サイズ : 256

ツールから切断します。
操作が成功しました。

======================================================================
[2019/07/08 18:24:09.615] Log Start
Renesas Flash Programmer V3.05.00 [1 July 2018]  (無償版)
プロジェクトをロードします。(C:\Users\HOSEIDenken\Desktop\halfmouse\mouse\newSKM2\Flash Programmer\newSKM2\newSKM2.rpj)
ファイルをロードします。(C:\Users\HOSEIDenken\Desktop\halfmouse\mouse\newSKM2\DefaultBuild\newSKM2.mot) CRC-32 : D3B2AC61

接続デバイス : RX600 Series 

ツールに接続します。
使用ツール : COM (COM3), インタフェース : 2 wire UART
ターゲットデバイスに接続します。
メインクロック : 12.000000MHz
通信速度 : 57600bps
ターゲットデバイスを設定します。

選択されたブロックを消去します。
  [Code Flash 1] 0xFFF80000 - 0xFFFFFFFF     サイズ : 512 K

書き込みを実行します。
  [Code Flash 1] 0xFFF80000 - 0xFFF89EFF     サイズ : 39.8 K
  [Code Flash 1] 0xFFFFFF00 - 0xFFFFFFFF     サイズ : 256

ツールから切断します。
操作が成功しました。

======================================================================
[2019/07/08 18:28:11.968] Log Start
Renesas Flash Programmer V3.05.00 [1 July 2018]  (無償版)
プロジェクトをロードします。(C:\Users\HOSEIDenken\Desktop\halfmouse\mouse\newSKM2\Flash Programmer\newSKM2\newSKM2.rpj)
ファイルをロードします。(C:\Users\HOSEIDenken\Desktop\halfmouse\mouse\newSKM2\DefaultBuild\newSKM2.mot) CRC-32 : 2176B7AC

接続デバイス : RX600 Series 

ツールに接続します。
使用ツール : COM (COM3), インタフェース : 2 wire UART
ターゲットデバイスに接続します。
メインクロック : 12.000000MHz
通信速度 : 57600bps
ターゲットデバイスを設定します。

選択されたブロックを消去します。
  [Code Flash 1] 0xFFF80000 - 0xFFFFFFFF     サイズ : 512 K

書き込みを実行します。
  [Code Flash 1] 0xFFF80000 - 0xFFF89EFF     サイズ : 39.8 K
  [Code Flash 1] 0xFFFFFF00 - 0xFFFFFFFF     サイズ : 256

ツールから切断します。
操作が成功しました。

======================================================================
[2019/07/08 18:32:12.711] Log Start
Renesas Flash Programmer V3.05.00 [1 July 2018]  (無償版)
プロジェクトをロードします。(C:\Users\HOSEIDenken\Desktop\halfmouse\mouse\newSKM2\Flash Programmer\newSKM2\newSKM2.rpj)
ファイルをロードします。(C:\Users\HOSEIDenken\Desktop\halfmouse\mouse\newSKM2\DefaultBuild\newSKM2.mot) CRC-32 : 52D17919

接続デバイス : RX600 Series 

ツールに接続します。
使用ツール : COM (COM3), インタフェース : 2 wire UART
ターゲットデバイスに接続します。
メインクロック : 12.000000MHz
通信速度 : 57600bps
ターゲットデバイスを設定します。

選択されたブロックを消去します。
  [Code Flash 1] 0xFFF80000 - 0xFFFFFFFF     サイズ : 512 K

書き込みを実行します。
  [Code Flash 1] 0xFFF80000 - 0xFFF89EFF     サイズ : 39.8 K
  [Code Flash 1] 0xFFFFFF00 - 0xFFFFFFFF     サイズ : 256

ツールから切断します。
操作が成功しました。

======================================================================
[2019/07/08 18:34:30.312] Log Start
Renesas Flash Programmer V3.05.00 [1 July 2018]  (無償版)
プロジェクトをロードします。(C:\Users\HOSEIDenken\Desktop\halfmouse\mouse\newSKM2\Flash Programmer\newSKM2\newSKM2.rpj)
ファイルをロードします。(C:\Users\HOSEIDenken\Desktop\halfmouse\mouse\newSKM2\DefaultBuild\newSKM2.mot) CRC-32 : 3834E49B

接続デバイス : RX600 Series 

ツールに接続します。
使用ツール : COM (COM3), インタフェース : 2 wire UART
ターゲットデバイスに接続します。
メインクロック : 12.000000MHz
通信速度 : 57600bps
ターゲットデバイスを設定します。

選択されたブロックを消去します。
  [Code Flash 1] 0xFFF80000 - 0xFFFFFFFF     サイズ : 512 K

書き込みを実行します。
  [Code Flash 1] 0xFFF80000 - 0xFFF89EFF     サイズ : 39.8 K
  [Code Flash 1] 0xFFFFFF00 - 0xFFFFFFFF     サイズ : 256

ツールから切断します。
操作が成功しました。

======================================================================
[2019/07/08 18:38:22.495] Log Start
Renesas Flash Programmer V3.05.00 [1 July 2018]  (無償版)
プロジェクトをロードします。(C:\Users\HOSEIDenken\Desktop\halfmouse\mouse\newSKM2\Flash Programmer\newSKM2\newSKM2.rpj)
ファイルをロードします。(C:\Users\HOSEIDenken\Desktop\halfmouse\mouse\newSKM2\DefaultBuild\newSKM2.mot) CRC-32 : 8CF722E1

接続デバイス : RX600 Series 

ツールに接続します。
使用ツール : COM (COM3), インタフェース : 2 wire UART
ターゲットデバイスに接続します。
メインクロック : 12.000000MHz
通信速度 : 57600bps
ターゲットデバイスを設定します。

選択されたブロックを消去します。
  [Code Flash 1] 0xFFF80000 - 0xFFFFFFFF     サイズ : 512 K

書き込みを実行します。
  [Code Flash 1] 0xFFF80000 - 0xFFF89EFF     サイズ : 39.8 K
  [Code Flash 1] 0xFFFFFF00 - 0xFFFFFFFF     サイズ : 256

ツールから切断します。
操作が成功しました。

======================================================================
[2019/07/08 18:40:26.221] Log Start
Renesas Flash Programmer V3.05.00 [1 July 2018]  (無償版)
プロジェクトをロードします。(C:\Users\HOSEIDenken\Desktop\halfmouse\mouse\newSKM2\Flash Programmer\newSKM2\newSKM2.rpj)
ファイルをロードします。(C:\Users\HOSEIDenken\Desktop\halfmouse\mouse\newSKM2\DefaultBuild\newSKM2.mot) CRC-32 : 60FDF904

接続デバイス : RX600 Series 

ツールに接続します。
使用ツール : COM (COM3), インタフェース : 2 wire UART
ターゲットデバイスに接続します。
メインクロック : 12.000000MHz
通信速度 : 57600bps
ターゲットデバイスを設定します。

選択されたブロックを消去します。
  [Code Flash 1] 0xFFF80000 - 0xFFFFFFFF     サイズ : 512 K

書き込みを実行します。
  [Code Flash 1] 0xFFF80000 - 0xFFF89EFF     サイズ : 39.8 K
  [Code Flash 1] 0xFFFFFF00 - 0xFFFFFFFF     サイズ : 256

ツールから切断します。
操作が成功しました。

======================================================================
[2019/07/08 18:56:21.936] Log Start
Renesas Flash Programmer V3.05.00 [1 July 2018]  (無償版)
プロジェクトをロードします。(C:\Users\HOSEIDenken\Desktop\halfmouse\mouse\newSKM2\Flash Programmer\newSKM2\newSKM2.rpj)
ファイルをロードします。(C:\Users\HOSEIDenken\Desktop\halfmouse\mouse\newSKM2\DefaultBuild\newSKM2.mot) CRC-32 : CEFC4138

接続デバイス : RX600 Series 

ツールに接続します。
使用ツール : COM (COM3), インタフェース : 2 wire UART
ターゲットデバイスに接続します。
メインクロック : 12.000000MHz
通信速度 : 57600bps
ターゲットデバイスを設定します。

選択されたブロックを消去します。
  [Code Flash 1] 0xFFF80000 - 0xFFFFFFFF     サイズ : 512 K

書き込みを実行します。
  [Code Flash 1] 0xFFF80000 - 0xFFF89EFF     サイズ : 39.8 K
  [Code Flash 1] 0xFFFFFF00 - 0xFFFFFFFF     サイズ : 256

ツールから切断します。
操作が成功しました。

======================================================================
[2019/07/08 19:00:25.757] Log Start
Renesas Flash Programmer V3.05.00 [1 July 2018]  (無償版)
プロジェクトをロードします。(C:\Users\HOSEIDenken\Desktop\halfmouse\mouse\newSKM2\Flash Programmer\newSKM2\newSKM2.rpj)
ファイルをロードします。(C:\Users\HOSEIDenken\Desktop\halfmouse\mouse\newSKM2\DefaultBuild\newSKM2.mot) CRC-32 : 52E678AE

接続デバイス : RX600 Series 

ツールに接続します。
使用ツール : COM (COM3), インタフェース : 2 wire UART
ターゲットデバイスに接続します。
メインクロック : 12.000000MHz
通信速度 : 57600bps
ターゲットデバイスを設定します。

選択されたブロックを消去します。
  [Code Flash 1] 0xFFF80000 - 0xFFFFFFFF     サイズ : 512 K

書き込みを実行します。
  [Code Flash 1] 0xFFF80000 - 0xFFF89EFF     サイズ : 39.8 K
  [Code Flash 1] 0xFFFFFF00 - 0xFFFFFFFF     サイズ : 256

ツールから切断します。
操作が成功しました。

======================================================================
[2019/07/08 19:02:56.804] Log Start
Renesas Flash Programmer V3.05.00 [1 July 2018]  (無償版)
プロジェクトをロードします。(C:\Users\HOSEIDenken\Desktop\halfmouse\mouse\newSKM2\Flash Programmer\newSKM2\newSKM2.rpj)
ファイルをロードします。(C:\Users\HOSEIDenken\Desktop\halfmouse\mouse\newSKM2\DefaultBuild\newSKM2.mot) CRC-32 : 66A714DD

接続デバイス : RX600 Series 

ツールに接続します。
使用ツール : COM (COM3), インタフェース : 2 wire UART
ターゲットデバイスに接続します。
メインクロック : 12.000000MHz
通信速度 : 57600bps
ターゲットデバイスを設定します。

選択されたブロックを消去します。
  [Code Flash 1] 0xFFF80000 - 0xFFFFFFFF     サイズ : 512 K

書き込みを実行します。
  [Code Flash 1] 0xFFF80000 - 0xFFF89EFF     サイズ : 39.8 K
  [Code Flash 1] 0xFFFFFF00 - 0xFFFFFFFF     サイズ : 256

ツールから切断します。
操作が成功しました。

======================================================================
[2019/07/08 19:06:29.732] Log Start
Renesas Flash Programmer V3.05.00 [1 July 2018]  (無償版)
プロジェクトをロードします。(C:\Users\HOSEIDenken\Desktop\halfmouse\mouse\newSKM2\Flash Programmer\newSKM2\newSKM2.rpj)
ファイルをロードします。(C:\Users\HOSEIDenken\Desktop\halfmouse\mouse\newSKM2\DefaultBuild\newSKM2.mot) CRC-32 : 51A5241E

接続デバイス : RX600 Series 

ツールに接続します。
使用ツール : COM (COM3), インタフェース : 2 wire UART
ターゲットデバイスに接続します。
メインクロック : 12.000000MHz
通信速度 : 57600bps
ターゲットデバイスを設定します。

選択されたブロックを消去します。
  [Code Flash 1] 0xFFF80000 - 0xFFFFFFFF     サイズ : 512 K

書き込みを実行します。
  [Code Flash 1] 0xFFF80000 - 0xFFF89EFF     サイズ : 39.8 K
  [Code Flash 1] 0xFFFFFF00 - 0xFFFFFFFF     サイズ : 256

ツールから切断します。
操作が成功しました。

======================================================================
[2019/07/08 19:13:11.679] Log Start
Renesas Flash Programmer V3.05.00 [1 July 2018]  (無償版)
プロジェクトをロードします。(C:\Users\HOSEIDenken\Desktop\halfmouse\mouse\newSKM2\Flash Programmer\newSKM2\newSKM2.rpj)
ファイルをロードします。(C:\Users\HOSEIDenken\Desktop\halfmouse\mouse\newSKM2\DefaultBuild\newSKM2.mot) CRC-32 : 42624E3A

接続デバイス : RX600 Series 

ツールに接続します。
使用ツール : COM (COM3), インタフェース : 2 wire UART
ターゲットデバイスに接続します。
メインクロック : 12.000000MHz
通信速度 : 57600bps
ターゲットデバイスを設定します。

選択されたブロックを消去します。
  [Code Flash 1] 0xFFF80000 - 0xFFFFFFFF     サイズ : 512 K

書き込みを実行します。
  [Code Flash 1] 0xFFF80000 - 0xFFF89EFF     サイズ : 39.8 K
  [Code Flash 1] 0xFFFFFF00 - 0xFFFFFFFF     サイズ : 256

ツールから切断します。
操作が成功しました。

======================================================================
[2019/07/08 19:17:13.947] Log Start
Renesas Flash Programmer V3.05.00 [1 July 2018]  (無償版)
プロジェクトをロードします。(C:\Users\HOSEIDenken\Desktop\halfmouse\mouse\newSKM2\Flash Programmer\newSKM2\newSKM2.rpj)
ファイルをロードします。(C:\Users\HOSEIDenken\Desktop\halfmouse\mouse\newSKM2\DefaultBuild\newSKM2.mot) CRC-32 : B481A33F

接続デバイス : RX600 Series 

ツールに接続します。
使用ツール : COM (COM3), インタフェース : 2 wire UART
ターゲットデバイスに接続します。
メインクロック : 12.000000MHz
通信速度 : 57600bps
ターゲットデバイスを設定します。

選択されたブロックを消去します。
  [Code Flash 1] 0xFFF80000 - 0xFFFFFFFF     サイズ : 512 K

書き込みを実行します。
  [Code Flash 1] 0xFFF80000 - 0xFFF89EFF     サイズ : 39.8 K
  [Code Flash 1] 0xFFFFFF00 - 0xFFFFFFFF     サイズ : 256

ツールから切断します。
操作が成功しました。

======================================================================
[2019/07/08 19:19:39.843] Log Start
Renesas Flash Programmer V3.05.00 [1 July 2018]  (無償版)
プロジェクトをロードします。(C:\Users\HOSEIDenken\Desktop\halfmouse\mouse\newSKM2\Flash Programmer\newSKM2\newSKM2.rpj)
ファイルをロードします。(C:\Users\HOSEIDenken\Desktop\halfmouse\mouse\newSKM2\DefaultBuild\newSKM2.mot) CRC-32 : B678AB84

接続デバイス : RX600 Series 

ツールに接続します。
使用ツール : COM (COM3), インタフェース : 2 wire UART
ターゲットデバイスに接続します。
メインクロック : 12.000000MHz
通信速度 : 57600bps
ターゲットデバイスを設定します。

選択されたブロックを消去します。
  [Code Flash 1] 0xFFF80000 - 0xFFFFFFFF     サイズ : 512 K

書き込みを実行します。
  [Code Flash 1] 0xFFF80000 - 0xFFF89EFF     サイズ : 39.8 K
  [Code Flash 1] 0xFFFFFF00 - 0xFFFFFFFF     サイズ : 256

ツールから切断します。
操作が成功しました。

======================================================================
[2019/07/08 19:30:12.482] Log Start
Renesas Flash Programmer V3.05.00 [1 July 2018]  (無償版)
プロジェクトをロードします。(C:\Users\HOSEIDenken\Desktop\halfmouse\mouse\newSKM2\Flash Programmer\newSKM2\newSKM2.rpj)
ファイルをロードします。(C:\Users\HOSEIDenken\Desktop\halfmouse\mouse\newSKM2\DefaultBuild\newSKM2.mot) CRC-32 : B678AB84

接続デバイス : RX600 Series 

ツールに接続します。
使用ツール : COM (COM3), インタフェース : 2 wire UART
ターゲットデバイスに接続します。
メインクロック : 12.000000MHz
通信速度 : 57600bps
ターゲットデバイスを設定します。

選択されたブロックを消去します。
  [Code Flash 1] 0xFFF80000 - 0xFFFFFFFF     サイズ : 512 K

書き込みを実行します。
  [Code Flash 1] 0xFFF80000 - 0xFFF89EFF     サイズ : 39.8 K
  [Code Flash 1] 0xFFFFFF00 - 0xFFFFFFFF     サイズ : 256

ツールから切断します。
操作が成功しました。

======================================================================
[2019/07/08 19:38:50.505] Log Start
Renesas Flash Programmer V3.05.00 [1 July 2018]  (無償版)
プロジェクトをロードします。(C:\Users\HOSEIDenken\Desktop\halfmouse\mouse\newSKM2\Flash Programmer\newSKM2\newSKM2.rpj)
ファイルをロードします。(C:\Users\HOSEIDenken\Desktop\halfmouse\mouse\newSKM2\DefaultBuild\newSKM2.mot) CRC-32 : B678AB84

接続デバイス : RX600 Series 

ツールに接続します。
使用ツール : COM (COM3), インタフェース : 2 wire UART
ターゲットデバイスに接続します。
メインクロック : 12.000000MHz
通信速度 : 57600bps
ターゲットデバイスを設定します。

選択されたブロックを消去します。
  [Code Flash 1] 0xFFF80000 - 0xFFFFFFFF     サイズ : 512 K

書き込みを実行します。
  [Code Flash 1] 0xFFF80000 - 0xFFF89EFF     サイズ : 39.8 K
  [Code Flash 1] 0xFFFFFF00 - 0xFFFFFFFF     サイズ : 256

ツールから切断します。
操作が成功しました。

======================================================================
[2019/07/08 19:41:50.415] Log Start
Renesas Flash Programmer V3.05.00 [1 July 2018]  (無償版)
プロジェクトをロードします。(C:\Users\HOSEIDenken\Desktop\halfmouse\mouse\newSKM2\Flash Programmer\newSKM2\newSKM2.rpj)
ファイルをロードします。(C:\Users\HOSEIDenken\Desktop\halfmouse\mouse\newSKM2\DefaultBuild\newSKM2.mot) CRC-32 : 8E77D0E5

接続デバイス : RX600 Series 

ツールに接続します。
使用ツール : COM (COM3), インタフェース : 2 wire UART
ターゲットデバイスに接続します。
メインクロック : 12.000000MHz
通信速度 : 57600bps
ターゲットデバイスを設定します。

選択されたブロックを消去します。
  [Code Flash 1] 0xFFF80000 - 0xFFFFFFFF     サイズ : 512 K

書き込みを実行します。
  [Code Flash 1] 0xFFF80000 - 0xFFF89EFF     サイズ : 39.8 K
  [Code Flash 1] 0xFFFFFF00 - 0xFFFFFFFF     サイズ : 256

ツールから切断します。
操作が成功しました。

======================================================================
[2019/07/08 19:44:56.011] Log Start
Renesas Flash Programmer V3.05.00 [1 July 2018]  (無償版)
プロジェクトをロードします。(C:\Users\HOSEIDenken\Desktop\halfmouse\mouse\newSKM2\Flash Programmer\newSKM2\newSKM2.rpj)
ファイルをロードします。(C:\Users\HOSEIDenken\Desktop\halfmouse\mouse\newSKM2\DefaultBuild\newSKM2.mot) CRC-32 : 3C2B1D64

接続デバイス : RX600 Series 

ツールに接続します。
使用ツール : COM (COM3), インタフェース : 2 wire UART
ターゲットデバイスに接続します。
メインクロック : 12.000000MHz
通信速度 : 57600bps
ターゲットデバイスを設定します。

選択されたブロックを消去します。
  [Code Flash 1] 0xFFF80000 - 0xFFFFFFFF     サイズ : 512 K

書き込みを実行します。
  [Code Flash 1] 0xFFF80000 - 0xFFF89EFF     サイズ : 39.8 K
  [Code Flash 1] 0xFFFFFF00 - 0xFFFFFFFF     サイズ : 256

ツールから切断します。
操作が成功しました。

======================================================================
[2019/07/08 19:47:15.651] Log Start
Renesas Flash Programmer V3.05.00 [1 July 2018]  (無償版)
プロジェクトをロードします。(C:\Users\HOSEIDenken\Desktop\halfmouse\mouse\newSKM2\Flash Programmer\newSKM2\newSKM2.rpj)
ファイルをロードします。(C:\Users\HOSEIDenken\Desktop\halfmouse\mouse\newSKM2\DefaultBuild\newSKM2.mot) CRC-32 : D42FC23E

接続デバイス : RX600 Series 

ツールに接続します。
使用ツール : COM (COM3), インタフェース : 2 wire UART
ターゲットデバイスに接続します。
メインクロック : 12.000000MHz
通信速度 : 57600bps
ターゲットデバイスを設定します。

選択されたブロックを消去します。
  [Code Flash 1] 0xFFF80000 - 0xFFFFFFFF     サイズ : 512 K

書き込みを実行します。
  [Code Flash 1] 0xFFF80000 - 0xFFF89EFF     サイズ : 39.8 K
  [Code Flash 1] 0xFFFFFF00 - 0xFFFFFFFF     サイズ : 256

ツールから切断します。
操作が成功しました。

======================================================================
[2019/07/08 19:49:37.934] Log Start
Renesas Flash Programmer V3.05.00 [1 July 2018]  (無償版)
プロジェクトをロードします。(C:\Users\HOSEIDenken\Desktop\halfmouse\mouse\newSKM2\Flash Programmer\newSKM2\newSKM2.rpj)
ファイルをロードします。(C:\Users\HOSEIDenken\Desktop\halfmouse\mouse\newSKM2\DefaultBuild\newSKM2.mot) CRC-32 : 4533EB82

接続デバイス : RX600 Series 

ツールに接続します。
使用ツール : COM (COM3), インタフェース : 2 wire UART
ターゲットデバイスに接続します。
メインクロック : 12.000000MHz
通信速度 : 57600bps
ターゲットデバイスを設定します。

選択されたブロックを消去します。
  [Code Flash 1] 0xFFF80000 - 0xFFFFFFFF     サイズ : 512 K

書き込みを実行します。
  [Code Flash 1] 0xFFF80000 - 0xFFF89EFF     サイズ : 39.8 K
  [Code Flash 1] 0xFFFFFF00 - 0xFFFFFFFF     サイズ : 256

ツールから切断します。
操作が成功しました。

======================================================================
[2019/07/08 19:52:28.000] Log Start
Renesas Flash Programmer V3.05.00 [1 July 2018]  (無償版)
プロジェクトをロードします。(C:\Users\HOSEIDenken\Desktop\halfmouse\mouse\newSKM2\Flash Programmer\newSKM2\newSKM2.rpj)
ファイルをロードします。(C:\Users\HOSEIDenken\Desktop\halfmouse\mouse\newSKM2\DefaultBuild\newSKM2.mot) CRC-32 : 00AE1292

接続デバイス : RX600 Series 

ツールに接続します。
使用ツール : COM (COM3), インタフェース : 2 wire UART
ターゲットデバイスに接続します。
メインクロック : 12.000000MHz
通信速度 : 57600bps
ターゲットデバイスを設定します。

選択されたブロックを消去します。
  [Code Flash 1] 0xFFF80000 - 0xFFFFFFFF     サイズ : 512 K

書き込みを実行します。
  [Code Flash 1] 0xFFF80000 - 0xFFF89EFF     サイズ : 39.8 K
  [Code Flash 1] 0xFFFFFF00 - 0xFFFFFFFF     サイズ : 256

ツールから切断します。
操作が成功しました。

======================================================================
[2019/07/08 20:00:20.896] Log Start
Renesas Flash Programmer V3.05.00 [1 July 2018]  (無償版)
プロジェクトをロードします。(C:\Users\HOSEIDenken\Desktop\halfmouse\mouse\newSKM2\Flash Programmer\newSKM2\newSKM2.rpj)
ファイルをロードします。(C:\Users\HOSEIDenken\Desktop\halfmouse\mouse\newSKM2\DefaultBuild\newSKM2.mot) CRC-32 : E2CA8137

接続デバイス : RX600 Series 

ツールに接続します。
使用ツール : COM (COM3), インタフェース : 2 wire UART
ターゲットデバイスに接続します。
メインクロック : 12.000000MHz
通信速度 : 57600bps
ターゲットデバイスを設定します。

選択されたブロックを消去します。
  [Code Flash 1] 0xFFF80000 - 0xFFFFFFFF     サイズ : 512 K

書き込みを実行します。
  [Code Flash 1] 0xFFF80000 - 0xFFF89EFF     サイズ : 39.8 K
  [Code Flash 1] 0xFFFFFF00 - 0xFFFFFFFF     サイズ : 256

ツールから切断します。
操作が成功しました。

======================================================================
[2019/07/08 20:03:17.415] Log Start
Renesas Flash Programmer V3.05.00 [1 July 2018]  (無償版)
プロジェクトをロードします。(C:\Users\HOSEIDenken\Desktop\halfmouse\mouse\newSKM2\Flash Programmer\newSKM2\newSKM2.rpj)
ファイルをロードします。(C:\Users\HOSEIDenken\Desktop\halfmouse\mouse\newSKM2\DefaultBuild\newSKM2.mot) CRC-32 : 756FC50A

接続デバイス : RX600 Series 

ツールに接続します。
使用ツール : COM (COM3), インタフェース : 2 wire UART
ターゲットデバイスに接続します。
メインクロック : 12.000000MHz
通信速度 : 57600bps
ターゲットデバイスを設定します。

選択されたブロックを消去します。
  [Code Flash 1] 0xFFF80000 - 0xFFFFFFFF     サイズ : 512 K

書き込みを実行します。
  [Code Flash 1] 0xFFF80000 - 0xFFF89EFF     サイズ : 39.8 K
  [Code Flash 1] 0xFFFFFF00 - 0xFFFFFFFF     サイズ : 256

ツールから切断します。
操作が成功しました。

